\BOOKMARK [0][-]{chapter.1}{Systems of point particles and Newton's second law}{}% 1
\BOOKMARK [1][-]{section.1.1}{Systems of point particles}{chapter.1}% 2
\BOOKMARK [1][-]{section.1.2}{Newton's second law}{chapter.1}% 3
\BOOKMARK [1][-]{section.1.3}{Systems of particles}{chapter.1}% 4
\BOOKMARK [0][-]{chapter.2}{Convection and diffusion phenomena}{}% 5
\BOOKMARK [1][-]{section.2.1}{Convection \(or transport\)}{chapter.2}% 6
\BOOKMARK [2][-]{subsection.2.1.1}{Mathematical study of the problem}{section.2.1}% 7
\BOOKMARK [2][-]{subsection.2.1.2}{Discretisation}{section.2.1}% 8
\BOOKMARK [2][-]{subsection.2.1.3}{Generalization of transport equation: hyperbolic Systems}{section.2.1}% 9
\BOOKMARK [1][-]{section.2.2}{Diffusion}{chapter.2}% 10
\BOOKMARK [2][-]{subsection.2.2.1}{Analysis of diffusion equation}{section.2.2}% 11
\BOOKMARK [2][-]{subsection.2.2.2}{The maximal principle}{section.2.2}% 12
\BOOKMARK [2][-]{subsection.2.2.3}{Numerical approximation}{section.2.2}% 13
\BOOKMARK [0][-]{chapter.3}{Perfect fluid}{}% 14
\BOOKMARK [0][-]{section*.15}{Appendices}{}% 15
\BOOKMARK [0][-]{Appendix.a.A}{Answers to exercises}{}% 16
\BOOKMARK [1][-]{section.a.A.1}{}{Appendix.a.A}% 17
\BOOKMARK [1][-]{section.a.A.2}{}{Appendix.a.A}% 18
\BOOKMARK [1][-]{section.a.A.3}{}{Appendix.a.A}% 19
\BOOKMARK [1][-]{section.a.A.4}{Proof of discrete Gronwall Lemma}{Appendix.a.A}% 20
\BOOKMARK [1][-]{section.a.A.5}{Lax-Wendroff scheme}{Appendix.a.A}% 21
\BOOKMARK [1][-]{section.a.A.6}{}{Appendix.a.A}% 22
\BOOKMARK [1][-]{section.a.A.7}{}{Appendix.a.A}% 23
